     0.500     3.292     3.356    24.191    25.000    -8.329     1.204   265.444   262.681    61.930   949.249     0.250   206.630
     1.000     3.672     3.355    24.172    25.000    -8.300     1.196   257.327   245.864    61.941   950.659     0.750   206.581
     1.500     3.533     3.307    24.198    25.000    -8.366     1.164   292.263   291.170    61.792   952.104     1.250   206.586
     2.000     1.907     3.392    24.257    25.000    -9.075     1.315   292.739   289.787    61.905   949.248     1.750   206.621
     2.500     3.261     3.408    24.193    25.000    -9.299     1.346   274.879   266.570    62.179   948.634     2.250   206.586
     3.000     2.994     3.385    24.199    25.000    -9.287     1.280   278.949   274.087    62.215   947.171     2.750   206.584
     3.500     3.572     3.386    24.189    25.000    -9.003     1.237   269.447   270.558    62.202   947.068     3.250   206.581
     4.000     4.254     3.405    24.142    25.000    -8.776     1.209   259.051   250.673    62.334   948.531     3.750   206.561
     4.500     2.946     3.419    24.180    25.000    -9.188     1.333   292.608   288.679    62.358   947.176     4.250   206.537
     5.000     3.945     3.441    24.137    25.000    -9.245     1.299   266.067   259.158    62.598   947.425     4.750   206.540
     5.500     2.909     3.410    24.179    25.000    -9.389     1.266   265.887   255.312    62.611   946.833     5.250   206.371
     6.000     3.435     3.439    24.165    25.000    -9.218     1.207   264.612   263.338    62.681   945.903     5.750   206.398
     6.500     4.110     3.442    24.147    25.000    -9.034     1.214   264.606   259.241    62.687   947.255     6.250   206.336
     7.000     3.650     3.406    24.127    25.000    -9.097     1.244   292.453   288.612    62.832   946.491     6.750   206.360
     7.500     3.733     3.410    24.143    25.000    -9.253     1.281   292.678   290.594    62.853   946.971     7.250   206.301
     8.000     3.011     3.443    24.151    25.000    -9.488     1.264   290.133   287.580    62.933   945.717     7.750   206.328
     8.500     3.296     3.458    24.164    25.000    -9.188     1.176   252.487   256.551    62.941   944.866     8.250   206.334
     9.000     3.776     3.443    24.151    25.000    -8.929     1.168   259.298   253.633    62.838   945.967     8.750   206.308
     9.500     3.998     3.446    24.137    25.000    -8.733     1.149   257.513   247.912    62.808   947.405     9.250   206.283
    10.000     3.905     3.452    24.142    25.000    -8.727     1.100   292.636   291.064    62.778   948.226     9.750   206.280
    10.500     3.019     3.469    24.167    25.000    -9.190     1.240   291.431   291.009    62.834   946.556    10.250   206.329
    11.000     3.918     3.468    24.124    25.000    -9.157     1.172   271.485   253.122    63.012   946.851    10.750   206.324
    11.500     3.062     3.479    24.155    25.000    -9.574     1.227   292.134   290.917    62.951   945.939    11.250   206.368
    12.000     3.440     3.477    24.139    25.000    -9.427     1.102   261.917   257.469    63.054   945.623    11.750   206.377
    12.500     3.323     3.432    24.157    25.000    -9.407     1.104   259.497   253.864    63.000   946.582    12.250   206.253
    13.000     2.942     3.488    24.154    25.000    -9.266     1.105   268.638   269.267    63.095   944.972    12.750   206.270
    13.500     4.297     3.476    24.115    25.000    -8.736     1.110   260.979   253.471    63.090   947.042    13.250   206.221
    14.000     4.102     3.408    24.141    25.000    -8.499     1.086   271.089   245.788    62.862   949.666    13.750   206.188
    14.500     2.103     3.419    24.204    25.000    -9.211     1.321   292.275   290.247    62.750   947.980    14.250   206.293
    15.000     2.745     3.449    24.187    25.000    -9.496     1.380   288.836   285.759    62.839   947.107    14.750   206.321
    15.500     3.360     3.458    24.186    25.000    -9.136     1.273   258.805   242.342    62.817   946.160    15.250   206.359
    16.000     3.843     3.445    24.150    25.000    -8.831     1.240   253.094   240.463    62.776   946.968    15.750   206.351
    16.500     4.285     3.455    24.124    25.000    -8.719     1.200   267.942   265.146    62.819   948.580    16.250   206.290
    17.000     2.999     3.411    24.180    25.000    -9.096     1.263   277.200   271.349    62.785   947.831    16.750   206.277
    17.500     2.818     3.463    24.175    25.000    -9.483     1.315   287.696   286.638    62.887   945.833    17.250   206.340
    18.000     3.352     3.455    24.183    25.000    -9.192     1.232   263.301   254.271    62.844   944.875    17.750   206.383
    18.500     3.563     3.434    24.162    25.000    -8.982     1.226   249.790   247.628    62.768   945.707    18.250   206.337
    19.000     4.036     3.443    24.124    25.000    -8.853     1.208   265.722   260.635    62.866   946.698    18.750   206.286
    19.500     3.923     3.394    24.143    25.000    -8.803     1.163   292.259   290.969    62.770   948.479    19.250   206.244
    20.000     2.618     3.465    24.186    25.000    -9.418     1.338   292.156   290.779    62.774   946.240    19.750   206.315
    20.500     3.540     3.480    24.138    25.000    -9.411     1.245   288.332   285.731    63.025   945.296    20.250   206.341
    21.000     3.482     3.440    24.170    25.000    -9.391     1.218   265.875   250.402    62.942   946.089    20.750   206.259
    21.500     3.344     3.473    24.157    25.000    -9.303     1.180   254.779   239.688    63.036   945.205    21.250   206.288
    22.000     3.307     3.464    24.186    25.000    -9.339     1.234   252.513   236.753    62.860   946.603    21.750   206.227
    22.500     4.038     3.409    24.149    25.000    -9.151     1.236   271.464   251.685    62.888   948.541    22.250   206.166
    23.000     2.621     3.418    24.178    25.000    -9.595     1.376   291.887   289.802    62.870   947.093    22.750   206.206
    23.500     3.403     3.472    24.149    25.000    -9.441     1.301   282.765   279.051    63.062   945.749    23.250   206.245
    24.000     3.624     3.463    24.139    25.000    -9.246     1.260   292.101   288.902    63.034   945.555    23.750   206.257
    24.500     3.740     3.450    24.154    25.000    -8.942     1.206   255.829   247.312    62.910   946.115    24.250   206.251
    25.000     3.861     3.437    24.163    25.000    -8.671     1.162   248.126   231.196    62.757   947.743    24.750   206.194
    25.500     3.561     3.383    24.168    25.000    -8.672     1.124   292.658   290.891    62.666   948.541    25.250   206.212
    26.000     2.659     3.453    24.201    25.000    -9.276     1.337   292.542   290.338    62.695   946.698    25.750   206.265
    26.500     3.284     3.468    24.157    25.000    -9.460     1.356   292.481   289.937    62.917   945.383    26.250   206.303
    27.000     3.489     3.419    24.186    25.000    -9.373     1.302   260.062   233.922    62.850   946.452    26.750   206.169
    27.500     3.096     3.439    24.180    25.000    -9.325     1.245   261.598   254.780    62.861   945.746    27.250   206.186
    28.000     4.017     3.452    24.138    25.000    -9.036     1.185   263.270   259.771    62.930   947.178    27.750   206.136
    28.500     2.808     3.453    24.184    25.000    -9.421     1.357   292.455   289.545    62.794   946.097    28.250   206.166
    29.000     3.471     3.459    24.155    25.000    -9.211     1.306   282.986   279.593    62.998   944.917    28.750   206.203
    29.500     3.666     3.409    24.165    25.000    -9.293     1.359   263.239   256.953    62.957   945.952    29.250   206.113
    30.000     3.154     3.457    24.165    25.000    -9.286     1.308   265.273   264.188    62.984   945.020    29.750   206.143
    30.500     4.381     3.414    24.110    25.000    -8.990     1.224   266.046   262.697    63.127   946.908    30.250   206.072
    31.000     3.245     3.478    24.164    25.000    -9.338     1.352   292.008   290.691    63.051   946.313    30.750   206.062
    31.500     3.000     3.466    24.163    25.000    -9.423     1.316   281.149   282.131    63.140   944.605    31.250   206.122
    32.000     3.550     3.456    24.159    25.000    -9.114     1.261   262.096   258.640    63.087   944.295    31.750   206.143
    32.500     4.028     3.460    24.124    25.000    -8.932     1.234   255.684   261.496    63.094   945.560    32.250   206.128
    33.000     4.349     3.466    24.097    25.000    -8.796     1.180   261.877   251.496    63.136   947.631    32.750   206.106
    33.500     2.509     3.477    24.181    25.000    -9.375     1.320   291.951   290.173    62.977   945.930    33.250   206.159
    34.000     3.518     3.482    24.138    25.000    -9.367     1.243   274.143   266.306    63.210   945.345    33.750   206.187
    34.500     3.205     3.472    24.149    25.000    -9.337     1.220   277.186   277.831    63.174   944.530    34.250   206.202
    35.000     3.970     3.473    24.130    25.000    -9.141     1.168   252.506   244.805    63.156   945.830    34.750   206.193
    35.500     3.451     3.414    24.162    25.000    -9.229     1.217   290.995   289.031    62.979   946.654    35.250   206.125
    36.000     3.563     3.475    24.129    25.000    -9.230     1.210   262.391   257.618    63.111   946.577    35.750   206.120
    36.500     3.997     3.414    24.141    25.000    -9.142     1.194   271.772   257.105    63.024   948.229    36.250   206.047
    37.000     2.405     3.429    24.181    25.000    -9.666     1.316   292.473   290.871    63.032   946.570    36.750   206.053
    37.500     3.185     3.463    24.198    25.000    -9.359     1.223   265.191   237.313    63.017   945.556    37.250   206.107
    38.000     3.688     3.452    24.154    25.000    -8.999     1.160   257.189   253.022    63.096   945.646    37.750   206.026
    38.500     4.104     3.454    24.143    25.000    -8.710     1.126   248.457   230.250    63.045   946.973    38.250   206.011
    39.000     3.984     3.393    24.141    25.000    -8.609     1.081   273.920   267.073    62.934   948.644    38.750   206.004
    39.500     2.421     3.466    24.196    25.000    -9.253     1.279   292.321   290.786    62.892   946.527    39.250   206.098
    40.000     4.019     3.476    24.121    25.000    -9.152     1.215   273.686   260.037    63.153   946.783    39.750   206.099
